<?xml version="1.0" encoding="UTF-8"?>
<!-- Generated by org.testng.reporters.JUnitReportReporter -->
<testsuite hostname="LAPTOP-MP732466" failures="0" tests="1" name="tutorialexample.Tutirial2" time="2.656" errors="0" timestamp="2023-08-08T17:46:36 IST" skipped="0">
  <testcase classname="tutorialexample.Tutirial2" name="f" time="2.656"/>
</testsuite> <!-- tutorialexample.Tutirial2 -->
