<?xml version="1.0" encoding="UTF-8"?>
<!-- Generated by org.testng.reporters.JUnitReportReporter -->
<testsuite hostname="LAPTOP-MP732466" failures="0" tests="1" name="tutorialexample.Tutorial1" time="4.350" errors="0" timestamp="2023-08-08T17:20:03 IST" skipped="0">
  <testcase classname="tutorialexample.Tutorial1" name="checkMethod" time="4.350"/>
</testsuite> <!-- tutorialexample.Tutorial1 -->
