<?xml version="1.0" encoding="UTF-8"?>
<!-- Generated by org.testng.reporters.JUnitReportReporter -->
<testsuite hostname="LAPTOP-MP732466" failures="0" tests="1" name="tutorialexample.Tutorial4" time="95.567" errors="0" timestamp="2023-08-18T22:14:04 IST" skipped="0">
  <testcase classname="tutorialexample.Tutorial4" name="setData" time="95.567"/>
</testsuite> <!-- tutorialexample.Tutorial4 -->
